#
# A fatal error has been detected by the Java Runtime Environment:
#
#  SIGSEGV (0xb) at pc=0x00007f4af22d71b2, pid=15917, tid=0x00007f4ab9397700
#
# JRE version: Java(TM) SE Runtime Environment (8.0_261-b12) (build 1.8.0_261-b12)
# Java VM: Java HotSpot(TM) 64-Bit Server VM (25.261-b12 mixed mode linux-amd64 compressed oops)
# Problematic frame:
# V  [libjvm.so+0x96f1b2]  PhaseCCP::transform_once(Node*)+0x22
#
# Failed to write core dump. Core dumps have been disabled. To enable core dumping, try "ulimit -c unlimited" before starting Java again
#
# If you would like to submit a bug report, please visit:
#   http://bugreport.java.com/bugreport/crash.jsp
#

---------------  T H R E A D  ---------------

Current thread (0x00007f4aec232800):  JavaThread "C2 CompilerThread2" daemon [_thread_in_native, id=15938, stack(0x00007f4ab9298000,0x00007f4ab9398000)]

siginfo: si_signo: 11 (SIGSEGV), si_code: 1 (SEGV_MAPERR), si_addr: 0x00007f429c011ca0

Registers:
RAX=0x00007f4a9404a520, RBX=0x00007f4a880a6e28, RCX=0x00007f4a9c07a560, RDX=0x0000000000000102
RSP=0x00007f4ab9393230, RBP=0x00007f4ab9393270, RSI=0x00007f4a880a6e28, RDI=0x00007f4ab9394890
R8 =0x0000000000000002, R9 =0x00007f4a880a7098, R10=0x00007f4a9c058ed8, R11=0x00007f4a9c070558
R12=0x00007f4ab9394890, R13=0x00007f429c011ca0, R14=0x0000000000000010, R15=0x00007f4ab9394890
RIP=0x00007f4af22d71b2, EFLAGS=0x0000000000010206, CSGSFS=0x002b000000000033, ERR=0x0000000000000004
  TRAPNO=0x000000000000000e

Top of Stack: (sp=0x00007f4ab9393230)
0x00007f4ab9393230:   00007f4ab93960c8 00007f4ab9394890
0x00007f4ab9393240:   00007f4ab9393270 0000000000000000
0x00007f4ab9393250:   00007f4a880a6e28 00007f4a880a7098
0x00007f4ab9393260:   0000000000000010 00007f4ab9394890
0x00007f4ab9393270:   00007f4ab9393300 00007f4af22d80e4
0x00007f4ab9393280:   00007f4a881babc8 00007f4ab93932a0
0x00007f4ab9393290:   00007f4ab93948b0 00007f4ab93932b0
0x00007f4ab93932a0:   00007f4a880bd198 00007f4a94031980
0x00007f4ab93932b0:   000002a900000043 0000000000000000
0x00007f4ab93932c0:   00007f4a00000007 00007f4a9c07a560
0x00007f4ab93932d0:   00007f4a00000080 00007f4ab9395f30
0x00007f4ab93932e0:   00007f4ab9395f38 00007f4ab9393380
0x00007f4ab93932f0:   00007f4ab9393420 00007f4ab9395f30
0x00007f4ab9393300:   00007f4ab9393320 00007f4af22d5a7a
0x00007f4ab9393310:   00007f4ab9395f38 00007f4ab9393e40
0x00007f4ab9393320:   00007f4ab9395310 00007f4af1de8664
0x00007f4ab9393330:   0000000100000f28 0000002bec232800
0x00007f4ab9393340:   00007f4ab9394890 00007f4a00000028
0x00007f4ab9393350:   00007f4aec232d40 00007f4a881a1300
0x00007f4ab9393360:   00007f4a881a24e0 00007f4a881a92e8
0x00007f4ab9393370:   0000000000018360 00007f4af23fc30e
0x00007f4ab9393380:   0000000000000000 0000000000000000
0x00007f4ab9393390:   00007f4a880c4778 0000000000000000
0x00007f4ab93933a0:   00007f4ab93933b0 00007f4ab9395f30
0x00007f4ab93933b0:   0000000000000000 00007f4af249c809
0x00007f4ab93933c0:   00007f4ab9393301 00007f4af23fc30e
0x00007f4ab93933d0:   0000000000000002 00007f4a94032160
0x00007f4ab93933e0:   00007f4a880c4778 0000000000000001
0x00007f4ab93933f0:   00007f4ab9393400 00007f4af23f73f9
0x00007f4ab9393400:   00007f4ab9393460 00007f4af1eb437c
0x00007f4ab9393410:   00007f4ab9393430 00007f4af23f71b5
0x00007f4ab9393420:   00007f4ab9390000 0000000000000000 

Instructions: (pc=0x00007f4af22d71b2)
0x00007f4af22d7192:   89 e5 41 57 41 56 41 55 41 54 49 89 fc 53 48 89
0x00007f4af22d71a2:   f3 48 83 ec 18 8b 56 28 48 8b 47 50 4c 8b 2c d0
0x00007f4af22d71b2:   49 8b 45 00 4c 89 ef ff 50 40 84 c0 74 38 48 8d
0x00007f4af22d71c2:   05 69 f7 67 00 4c 8b 38 4d 39 ef 0f 84 c5 01 00 

Register to memory mapping:

RAX=0x00007f4a9404a520 is an unknown value
RBX=0x00007f4a880a6e28 is an unknown value
RCX=0x00007f4a9c07a560 is an unknown value
RDX=0x0000000000000102 is an unknown value
RSP=0x00007f4ab9393230 is pointing into the stack for thread: 0x00007f4aec232800
RBP=0x00007f4ab9393270 is pointing into the stack for thread: 0x00007f4aec232800
RSI=0x00007f4a880a6e28 is an unknown value
RDI=0x00007f4ab9394890 is pointing into the stack for thread: 0x00007f4aec232800
R8 =0x0000000000000002 is an unknown value
R9 =0x00007f4a880a7098 is an unknown value
R10=0x00007f4a9c058ed8 is an unknown value
R11=0x00007f4a9c070558 is an unknown value
R12=0x00007f4ab9394890 is pointing into the stack for thread: 0x00007f4aec232800
R13=0x00007f429c011ca0 is an unknown value
R14=0x0000000000000010 is an unknown value
R15=0x00007f4ab9394890 is pointing into the stack for thread: 0x00007f4aec232800


Stack: [0x00007f4ab9298000,0x00007f4ab9398000],  sp=0x00007f4ab9393230,  free space=1004k
Native frames: (J=compiled Java code, j=interpreted, Vv=VM code, C=native code)
V  [libjvm.so+0x96f1b2]  PhaseCCP::transform_once(Node*)+0x22
V  [libjvm.so+0x9700e4]  PhaseCCP::transform(Node*)+0x134
V  [libjvm.so+0x96da7a]  PhaseCCP::do_transform()+0x1a
V  [libjvm.so+0x480664]  Compile::Optimize()+0x2f4
V  [libjvm.so+0x48254a]  Compile::Compile(ciEnv*, C2Compiler*, ciMethod*, int, bool, bool, bool)+0xcda
V  [libjvm.so+0x3c664a]  C2Compiler::compile_method(ciEnv*, ciMethod*, int)+0xaa
V  [libjvm.so+0x48dc2c]  CompileBroker::invoke_compiler_on_method(CompileTask*)+0x73c
V  [libjvm.so+0x48f868]  CompileBroker::compiler_thread_loop()+0x6d8
V  [libjvm.so+0xa8614b]  JavaThread::thread_main_inner()+0xdb
V  [libjvm.so+0xa86451]  JavaThread::run()+0x2d1
V  [libjvm.so+0x914d12]  java_start(Thread*)+0x102
C  [libpthread.so.0+0x76db]  start_thread+0xdb


Current CompileTask:
C2:    669  241  s    4       sun.misc.URLClassPath::getNextLoader (88 bytes)


---------------  P R O C E S S  ---------------

Java Threads: ( => current thread )
  0x00007f4aec23f800 JavaThread "Service Thread" daemon [_thread_blocked, id=15940, stack(0x00007f4ab8e7e000,0x00007f4ab8f7f000)]
  0x00007f4aec234800 JavaThread "C1 CompilerThread3" daemon [_thread_in_vm, id=15939, stack(0x00007f4ab9197000,0x00007f4ab9297000)]
=>0x00007f4aec232800 JavaThread "C2 CompilerThread2" daemon [_thread_in_native, id=15938, stack(0x00007f4ab9298000,0x00007f4ab9398000)]
  0x00007f4aec230000 JavaThread "C2 CompilerThread1" daemon [_thread_in_native, id=15937, stack(0x00007f4ab9399000,0x00007f4ab9499000)]
  0x00007f4aec22e800 JavaThread "C2 CompilerThread0" daemon [_thread_in_native, id=15936, stack(0x00007f4ab949a000,0x00007f4ab959a000)]
  0x00007f4aec22c000 JavaThread "Monitor Ctrl-Break" daemon [_thread_in_vm, id=15935, stack(0x00007f4ab959a000,0x00007f4ab969b000)]
  0x00007f4aec20a000 JavaThread "Signal Dispatcher" daemon [_thread_blocked, id=15934, stack(0x00007f4ab969b000,0x00007f4ab979c000)]
  0x00007f4aec1d9800 JavaThread "Finalizer" daemon [_thread_blocked, id=15933, stack(0x00007f4ab979c000,0x00007f4ab989d000)]
  0x00007f4aec1d5000 JavaThread "Reference Handler" daemon [_thread_blocked, id=15932, stack(0x00007f4ab989d000,0x00007f4ab999e000)]
  0x00007f4aec00e000 JavaThread "main" [_thread_in_Java, id=15920, stack(0x00007f4af3493000,0x00007f4af3593000)]

Other Threads:
  0x00007f4aec1cb800 VMThread [stack: 0x00007f4ab999f000,0x00007f4ab9a9f000] [id=15931]
  0x00007f4aec242800 WatcherThread [stack: 0x00007f4ab8d7e000,0x00007f4ab8e7e000] [id=15941]

VM state:not at safepoint (normal execution)

VM Mutex/Monitor currently owned by a thread: None

heap address: 0x0000000086c00000, size: 1940 MB, Compressed Oops mode: 32-bit
Narrow klass base: 0x0000000000000000, Narrow klass shift: 3
Compressed class space size: 1073741824 Address: 0x0000000100000000

Heap:
 PSYoungGen      total 36352K, used 8773K [0x00000000d7980000, 0x00000000da200000, 0x0000000100000000)
  eden space 31232K, 28% used [0x00000000d7980000,0x00000000d8211420,0x00000000d9800000)
  from space 5120K, 0% used [0x00000000d9d00000,0x00000000d9d00000,0x00000000da200000)
  to   space 5120K, 0% used [0x00000000d9800000,0x00000000d9800000,0x00000000d9d00000)
 ParOldGen       total 83456K, used 0K [0x0000000086c00000, 0x000000008bd80000, 0x00000000d7980000)
  object space 83456K, 0% used [0x0000000086c00000,0x0000000086c00000,0x000000008bd80000)
 Metaspace       used 4921K, capacity 5232K, committed 5504K, reserved 1056768K
  class space    used 571K, capacity 595K, committed 640K, reserved 1048576K

Card table byte_map: [0x00007f4adc875000,0x00007f4adcc40000] byte_map_base: 0x00007f4adc43f000

Marking Bits: (ParMarkBitMap*) 0x00007f4af29400c0
 Begin Bits: [0x00007f4abc360000, 0x00007f4abe1b0000)
 End Bits:   [0x00007f4abe1b0000, 0x00007f4ac0000000)

Polling page: 0x00007f4af35b1000

CodeCache: size=245760Kb used=1758Kb max_used=1758Kb free=244002Kb
 bounds [0x00007f4add000000, 0x00007f4add270000, 0x00007f4aec000000]
 total_blobs=529 nmethods=259 adapters=182
 compilation: enabled

Compilation events (10 events):
Event: 0.663 Thread 0x00007f4aec234800 nmethod 253 0x00007f4add1aab10 code [0x00007f4add1aac80, 0x00007f4add1aaec8]
Event: 0.663 Thread 0x00007f4aec234800  254       3       java.util.WeakHashMap::getTable (9 bytes)
Event: 0.663 Thread 0x00007f4aec234800 nmethod 254 0x00007f4add1aa750 code [0x00007f4add1aa8c0, 0x00007f4add1aaa68]
Event: 0.663 Thread 0x00007f4aec234800  255   !   3       java.util.WeakHashMap::expungeStaleEntries (139 bytes)
Event: 0.664 Thread 0x00007f4aec234800 nmethod 255 0x00007f4add1adc90 code [0x00007f4add1ade60, 0x00007f4add1ae968]
Event: 0.664 Thread 0x00007f4aec234800  259       1       java.lang.System::getSecurityManager (4 bytes)
Event: 0.664 Thread 0x00007f4aec234800 nmethod 259 0x00007f4add1aa410 code [0x00007f4add1aa560, 0x00007f4add1aa650]
Event: 0.664 Thread 0x00007f4aec234800  256       3       java.util.WeakHashMap::indexFor (6 bytes)
Event: 0.664 Thread 0x00007f4aec234800 nmethod 256 0x00007f4add1aef90 code [0x00007f4add1af0e0, 0x00007f4add1af210]
Event: 0.664 Thread 0x00007f4aec234800  257   !   3       sun.misc.URLClassPath$FileLoader::getResource (164 bytes)

GC Heap History (0 events):
No events

Deoptimization events (0 events):
No events

Classes redefined (0 events):
No events

Internal exceptions (7 events):
Event: 0.538 Thread 0x00007f4aec00e000 Exception <a 'java/lang/NoSuchMethodError': Method sun.misc.Unsafe.defineClass(Ljava/lang/String;[BII)Ljava/lang/Class; name or signature does not match> (0x00000000d7987cc0) thrown at [/scratch/jenkins/workspace/8-2-build-linux-amd64/jdk8u261/295/hotspot
Event: 0.538 Thread 0x00007f4aec00e000 Exception <a 'java/lang/NoSuchMethodError': Method sun.misc.Unsafe.prefetchRead(Ljava/lang/Object;J)V name or signature does not match> (0x00000000d7987fa8) thrown at [/scratch/jenkins/workspace/8-2-build-linux-amd64/jdk8u261/295/hotspot/src/share/vm/prim
Event: 0.592 Thread 0x00007f4aec00e000 Exception <a 'java/io/FileNotFoundException'> (0x00000000d7c435d8) thrown at [/scratch/jenkins/workspace/8-2-build-linux-amd64/jdk8u261/295/hotspot/src/share/vm/prims/jni.cpp, line 710]
Event: 0.606 Thread 0x00007f4aec00e000 Exception <a 'java/security/PrivilegedActionException'> (0x00000000d7ce59a0) thrown at [/scratch/jenkins/workspace/8-2-build-linux-amd64/jdk8u261/295/hotspot/src/share/vm/prims/jvm.cpp, line 1512]
Event: 0.606 Thread 0x00007f4aec00e000 Exception <a 'java/security/PrivilegedActionException'> (0x00000000d7ce5d98) thrown at [/scratch/jenkins/workspace/8-2-build-linux-amd64/jdk8u261/295/hotspot/src/share/vm/prims/jvm.cpp, line 1512]
Event: 0.606 Thread 0x00007f4aec00e000 Exception <a 'java/security/PrivilegedActionException'> (0x00000000d7ce8690) thrown at [/scratch/jenkins/workspace/8-2-build-linux-amd64/jdk8u261/295/hotspot/src/share/vm/prims/jvm.cpp, line 1512]
Event: 0.606 Thread 0x00007f4aec00e000 Exception <a 'java/security/PrivilegedActionException'> (0x00000000d7ce8a88) thrown at [/scratch/jenkins/workspace/8-2-build-linux-amd64/jdk8u261/295/hotspot/src/share/vm/prims/jvm.cpp, line 1512]

Events (10 events):
Event: 0.664 loading class java/io/ObjectStreamClass$EntryFuture
Event: 0.664 loading class java/io/ObjectStreamClass$EntryFuture done
Event: 0.664 loading class java/io/Externalizable
Event: 0.664 loading class java/io/Externalizable done
Event: 0.664 loading class java/io/ObjectStreamClass$3
Event: 0.664 loading class java/io/ObjectStreamClass$3 done
Event: 0.664 loading class sun/reflect/UnsafeQualifiedStaticLongFieldAccessorImpl
Event: 0.664 loading class sun/reflect/UnsafeQualifiedStaticFieldAccessorImpl
Event: 0.664 loading class sun/reflect/UnsafeQualifiedStaticFieldAccessorImpl done
Event: 0.664 loading class sun/reflect/UnsafeQualifiedStaticLongFieldAccessorImpl done


Dynamic libraries:
86c00000-8bd80000 rw-p 00000000 00:00 0 
8bd80000-d7980000 ---p 00000000 00:00 0 
d7980000-da200000 rw-p 00000000 00:00 0 
da200000-100000000 ---p 00000000 00:00 0 
100000000-1000a0000 rw-p 00000000 00:00 0 
1000a0000-140000000 ---p 00000000 00:00 0 
555f37ca5000-555f37ca6000 r-xp 00000000 08:13 13242273                   /usr/local/java/jdk1.8.0_261/bin/java
555f37ea5000-555f37ea6000 r--p 00000000 08:13 13242273                   /usr/local/java/jdk1.8.0_261/bin/java
555f37ea6000-555f37ea7000 rw-p 00001000 08:13 13242273                   /usr/local/java/jdk1.8.0_261/bin/java
555f387ea000-555f3880b000 rw-p 00000000 00:00 0                          [heap]
7f4a7c000000-7f4a7c021000 rw-p 00000000 00:00 0 
7f4a7c021000-7f4a80000000 ---p 00000000 00:00 0 
7f4a84000000-7f4a84021000 rw-p 00000000 00:00 0 
7f4a84021000-7f4a88000000 ---p 00000000 00:00 0 
7f4a88000000-7f4a88287000 rw-p 00000000 00:00 0 
7f4a88287000-7f4a8c000000 ---p 00000000 00:00 0 
7f4a8cfff000-7f4a90000000 rw-p 00000000 00:00 0 
7f4a90000000-7f4a900d2000 rw-p 00000000 00:00 0 
7f4a900d2000-7f4a94000000 ---p 00000000 00:00 0 
7f4a94000000-7f4a9434a000 rw-p 00000000 00:00 0 
7f4a9434a000-7f4a98000000 ---p 00000000 00:00 0 
7f4a98000000-7f4a98027000 rw-p 00000000 00:00 0 
7f4a9802f000-7f4a9c000000 ---p 00000000 00:00 0 
7f4a9c000000-7f4a9c154000 rw-p 00000000 00:00 0 
7f4a9c154000-7f4aa0000000 ---p 00000000 00:00 0 
7f4aa0000000-7f4aa0021000 rw-p 00000000 00:00 0 
7f4aa0021000-7f4aa4000000 ---p 00000000 00:00 0 
7f4aa4000000-7f4aa4021000 rw-p 00000000 00:00 0 
7f4aa4021000-7f4aa8000000 ---p 00000000 00:00 0 
7f4aaa41d000-7f4aac000000 r--p 00000000 08:13 10490158                   /usr/lib/locale/locale-archive
7f4aac000000-7f4aac021000 rw-p 00000000 00:00 0 
7f4aac021000-7f4ab0000000 ---p 00000000 00:00 0 
7f4ab0000000-7f4ab0021000 rw-p 00000000 00:00 0 
7f4ab0021000-7f4ab4000000 ---p 00000000 00:00 0 
7f4ab4000000-7f4ab4021000 rw-p 00000000 00:00 0 
7f4ab4021000-7f4ab8000000 ---p 00000000 00:00 0 
7f4ab8cbc000-7f4ab8cd7000 r--s 00149000 08:13 15604389                   /home/lilin/.m2/repository/org/springframework/spring-core/5.3.6/spring-core-5.3.6.jar
7f4ab8cd7000-7f4ab8ce1000 r--s 00116000 08:13 11144684                   /usr/local/java/jdk1.8.0_261/jre/lib/ext/localedata.jar
7f4ab8ce1000-7f4ab8cfd000 r--s 00393000 08:13 11144674                   /usr/local/java/jdk1.8.0_261/jre/lib/ext/cldrdata.jar
7f4ab8cfd000-7f4ab8d04000 r--s 00000000 08:13 10623702                   /usr/lib/x86_64-linux-gnu/gconv/gconv-modules.cache
7f4ab8d04000-7f4ab8d25000 r--p 00000000 08:13 11932125                   /usr/share/locale-langpack/zh_CN/LC_MESSAGES/libc.mo
7f4ab8d25000-7f4ab8d2f000 r--s 00054000 08:13 2757569                    /home/lilin/.m2/repository/junit/junit/4.13/junit-4.13.jar
7f4ab8d2f000-7f4ab8d4e000 r--s 00166000 08:13 15472952                   /home/lilin/.m2/repository/org/springframework/spring-web/5.3.6/spring-web-5.3.6.jar
7f4ab8d4e000-7f4ab8d54000 r--s 00040000 08:13 15472950                   /home/lilin/.m2/repository/org/springframework/spring-expression/5.3.6/spring-expression-5.3.6.jar
7f4ab8d54000-7f4ab8d70000 r--s 00115000 08:13 15472947                   /home/lilin/.m2/repository/org/springframework/spring-context/5.3.6/spring-context-5.3.6.jar
7f4ab8d70000-7f4ab8d7d000 r--s 0009e000 08:13 15472831                   /home/lilin/.m2/repository/org/springframework/spring-beans/5.3.6/spring-beans-5.3.6.jar
7f4ab8d7d000-7f4ab8d7e000 ---p 00000000 00:00 0 
7f4ab8d7e000-7f4ab8e7e000 rw-p 00000000 00:00 0 
7f4ab8e7e000-7f4ab8e81000 ---p 00000000 00:00 0 
7f4ab8e81000-7f4ab8f7f000 rw-p 00000000 00:00 0 
7f4ab8f7f000-7f4ab8f95000 r-xp 00000000 08:13 12717016                   /usr/local/java/jdk1.8.0_261/jre/lib/amd64/libnet.so
7f4ab8f95000-7f4ab9194000 ---p 00016000 08:13 12717016                   /usr/local/java/jdk1.8.0_261/jre/lib/amd64/libnet.so
7f4ab9194000-7f4ab9195000 r--p 00015000 08:13 12717016                   /usr/local/java/jdk1.8.0_261/jre/lib/amd64/libnet.so
7f4ab9195000-7f4ab9196000 rw-p 00016000 08:13 12717016                   /usr/local/java/jdk1.8.0_261/jre/lib/amd64/libnet.so
7f4ab9196000-7f4ab9197000 ---p 00000000 00:00 0 
7f4ab9197000-7f4ab919a000 ---p 00000000 00:00 0 
7f4ab919a000-7f4ab9297000 rw-p 00000000 00:00 0 
7f4ab9297000-7f4ab9298000 ---p 00000000 00:00 0 
7f4ab9298000-7f4ab929b000 ---p 00000000 00:00 0 
7f4ab929b000-7f4ab9398000 rw-p 00000000 00:00 0 
7f4ab9398000-7f4ab9399000 ---p 00000000 00:00 0 
7f4ab9399000-7f4ab939c000 ---p 00000000 00:00 0 
7f4ab939c000-7f4ab9499000 rw-p 00000000 00:00 0 
7f4ab9499000-7f4ab949a000 ---p 00000000 00:00 0 
7f4ab949a000-7f4ab949d000 ---p 00000000 00:00 0 
7f4ab949d000-7f4ab959a000 rw-p 00000000 00:00 0 
7f4ab959a000-7f4ab959d000 ---p 00000000 00:00 0 
7f4ab959d000-7f4ab969b000 rw-p 00000000 00:00 0 
7f4ab969b000-7f4ab969e000 ---p 00000000 00:00 0 
7f4ab969e000-7f4ab979c000 rw-p 00000000 00:00 0 
7f4ab979c000-7f4ab979f000 ---p 00000000 00:00 0 
7f4ab979f000-7f4ab989d000 rw-p 00000000 00:00 0 
7f4ab989d000-7f4ab98a0000 ---p 00000000 00:00 0 
7f4ab98a0000-7f4ab999e000 rw-p 00000000 00:00 0 
7f4ab999e000-7f4ab999f000 ---p 00000000 00:00 0 
7f4ab999f000-7f4abb5ba000 rw-p 00000000 00:00 0 
7f4abb5ba000-7f4abb796000 r--s 03e04000 08:13 10753203                   /usr/local/java/jdk1.8.0_261/jre/lib/rt.jar
7f4abb796000-7f4abbc56000 rw-p 00000000 00:00 0 
7f4abbc56000-7f4abbf96000 ---p 00000000 00:00 0 
7f4abbf96000-7f4ac0000000 rw-p 00000000 00:00 0 
7f4ac0000000-7f4ac0021000 rw-p 00000000 00:00 0 
7f4ac0021000-7f4ac4000000 ---p 00000000 00:00 0 
7f4ac4000000-7f4ac4021000 rw-p 00000000 00:00 0 
7f4ac4021000-7f4ac8000000 ---p 00000000 00:00 0 
7f4ac8000000-7f4ac8021000 rw-p 00000000 00:00 0 
7f4ac8021000-7f4acc000000 ---p 00000000 00:00 0 
7f4acc000000-7f4acc021000 rw-p 00000000 00:00 0 
7f4acc021000-7f4ad0000000 ---p 00000000 00:00 0 
7f4ad0000000-7f4ad0021000 rw-p 00000000 00:00 0 
7f4ad0021000-7f4ad4000000 ---p 00000000 00:00 0 
7f4ad4000000-7f4ad4021000 rw-p 00000000 00:00 0 
7f4ad4021000-7f4ad8000000 ---p 00000000 00:00 0 
7f4ad8000000-7f4ad8021000 rw-p 00000000 00:00 0 
7f4ad8021000-7f4adc000000 ---p 00000000 00:00 0 
7f4adc004000-7f4adc00d000 r--s 00053000 08:13 15472943                   /home/lilin/.m2/repository/org/springframework/spring-aop/5.3.6/spring-aop-5.3.6.jar
7f4adc00d000-7f4adc01f000 r--s 000e3000 08:13 15472941                   /home/lilin/.m2/repository/org/springframework/spring-webmvc/5.3.6/spring-webmvc-5.3.6.jar
7f4adc01f000-7f4adc037000 r--s 001c0000 08:13 12852039                   /home/lilin/.m2/repository/org/projectlombok/lombok/1.18.20/lombok-1.18.20.jar
7f4adc037000-7f4adc049000 r--s 00353000 08:13 10753200                   /usr/local/java/jdk1.8.0_261/jre/lib/resources.jar
7f4adc049000-7f4adc05c000 r--s 000d6000 08:13 10753209                   /usr/local/java/jdk1.8.0_261/jre/lib/plugin.jar
7f4adc05c000-7f4adc06d000 r--s 001c0000 08:13 10753197                   /usr/local/java/jdk1.8.0_261/jre/lib/jsse.jar
7f4adc06d000-7f4adc06e000 ---p 00000000 00:00 0 
7f4adc06e000-7f4adc16e000 rw-p 00000000 00:00 0 
7f4adc16e000-7f4adc16f000 ---p 00000000 00:00 0 
7f4adc16f000-7f4adc26f000 rw-p 00000000 00:00 0 
7f4adc26f000-7f4adc270000 ---p 00000000 00:00 0 
7f4adc270000-7f4adc370000 rw-p 00000000 00:00 0 
7f4adc370000-7f4adc371000 ---p 00000000 00:00 0 
7f4adc371000-7f4adc471000 rw-p 00000000 00:00 0 
7f4adc471000-7f4adc472000 ---p 00000000 00:00 0 
7f4adc472000-7f4adc572000 rw-p 00000000 00:00 0 
7f4adc572000-7f4adc573000 ---p 00000000 00:00 0 
7f4adc573000-7f4adc673000 rw-p 00000000 00:00 0 
7f4adc673000-7f4adc674000 ---p 00000000 00:00 0 
7f4adc674000-7f4adc774000 rw-p 00000000 00:00 0 
7f4adc774000-7f4adc775000 ---p 00000000 00:00 0 
7f4adc775000-7f4adc89e000 rw-p 00000000 00:00 0 
7f4adc89e000-7f4adcafb000 ---p 00000000 00:00 0 
7f4adcafb000-7f4adcb10000 rw-p 00000000 00:00 0 
7f4adcb10000-7f4adcc3f000 ---p 00000000 00:00 0 
7f4adcc3f000-7f4adcc4a000 rw-p 00000000 00:00 0 
7f4adcc4a000-7f4add000000 ---p 00000000 00:00 0 
7f4add000000-7f4add270000 rwxp 00000000 00:00 0 
7f4add270000-7f4aec000000 ---p 00000000 00:00 0 
7f4aec000000-7f4aec611000 rw-p 00000000 00:00 0 
7f4aec611000-7f4af0000000 ---p 00000000 00:00 0 
7f4af0000000-7f4af0002000 r--s 00009000 08:13 13376423                   /home/lilin/.m2/repository/org/hamcrest/hamcrest-core/1.3/hamcrest-core-1.3.jar
7f4af0002000-7f4af001e000 r--s 0020c000 08:13 10752489                   /usr/local/java/jdk1.8.0_261/jre/lib/deploy.jar
7f4af001e000-7f4af00bd000 rw-p 00000000 00:00 0 
7f4af00bd000-7f4af031b000 ---p 00000000 00:00 0 
7f4af031b000-7f4af0336000 r-xp 00000000 08:13 12716984                   /usr/local/java/jdk1.8.0_261/jre/lib/amd64/libzip.so
7f4af0336000-7f4af0535000 ---p 0001b000 08:13 12716984                   /usr/local/java/jdk1.8.0_261/jre/lib/amd64/libzip.so
7f4af0535000-7f4af0536000 r--p 0001a000 08:13 12716984                   /usr/local/java/jdk1.8.0_261/jre/lib/amd64/libzip.so
7f4af0536000-7f4af0537000 rw-p 0001b000 08:13 12716984                   /usr/local/java/jdk1.8.0_261/jre/lib/amd64/libzip.so
7f4af0537000-7f4af0542000 r-xp 00000000 08:13 8918129                    /lib/x86_64-linux-gnu/libnss_files-2.27.so
7f4af0542000-7f4af0741000 ---p 0000b000 08:13 8918129                    /lib/x86_64-linux-gnu/libnss_files-2.27.so
7f4af0741000-7f4af0742000 r--p 0000a000 08:13 8918129                    /lib/x86_64-linux-gnu/libnss_files-2.27.so
7f4af0742000-7f4af0743000 rw-p 0000b000 08:13 8918129                    /lib/x86_64-linux-gnu/libnss_files-2.27.so
7f4af0743000-7f4af0749000 rw-p 00000000 00:00 0 
7f4af0749000-7f4af0760000 r-xp 00000000 08:13 8912990                    /lib/x86_64-linux-gnu/libnsl-2.27.so
7f4af0760000-7f4af095f000 ---p 00017000 08:13 8912990                    /lib/x86_64-linux-gnu/libnsl-2.27.so
7f4af095f000-7f4af0960000 r--p 00016000 08:13 8912990                    /lib/x86_64-linux-gnu/libnsl-2.27.so
7f4af0960000-7f4af0961000 rw-p 00017000 08:13 8912990                    /lib/x86_64-linux-gnu/libnsl-2.27.so
7f4af0961000-7f4af0963000 rw-p 00000000 00:00 0 
7f4af0963000-7f4af096e000 r-xp 00000000 08:13 8920106                    /lib/x86_64-linux-gnu/libnss_nis-2.27.so
7f4af096e000-7f4af0b6d000 ---p 0000b000 08:13 8920106                    /lib/x86_64-linux-gnu/libnss_nis-2.27.so
7f4af0b6d000-7f4af0b6e000 r--p 0000a000 08:13 8920106                    /lib/x86_64-linux-gnu/libnss_nis-2.27.so
7f4af0b6e000-7f4af0b6f000 rw-p 0000b000 08:13 8920106                    /lib/x86_64-linux-gnu/libnss_nis-2.27.so
7f4af0b6f000-7f4af0b77000 r-xp 00000000 08:13 8912991                    /lib/x86_64-linux-gnu/libnss_compat-2.27.so
7f4af0b77000-7f4af0d77000 ---p 00008000 08:13 8912991                    /lib/x86_64-linux-gnu/libnss_compat-2.27.so
7f4af0d77000-7f4af0d78000 r--p 00008000 08:13 8912991                    /lib/x86_64-linux-gnu/libnss_compat-2.27.so
7f4af0d78000-7f4af0d79000 rw-p 00009000 08:13 8912991                    /lib/x86_64-linux-gnu/libnss_compat-2.27.so
7f4af0d79000-7f4af0d83000 r-xp 00000000 08:13 12716966                   /usr/local/java/jdk1.8.0_261/jre/lib/amd64/libinstrument.so
7f4af0d83000-7f4af0f82000 ---p 0000a000 08:13 12716966                   /usr/local/java/jdk1.8.0_261/jre/lib/amd64/libinstrument.so
7f4af0f82000-7f4af0f83000 r--p 00009000 08:13 12716966                   /usr/local/java/jdk1.8.0_261/jre/lib/amd64/libinstrument.so
7f4af0f83000-7f4af0f84000 rw-p 0000a000 08:13 12716966                   /usr/local/java/jdk1.8.0_261/jre/lib/amd64/libinstrument.so
7f4af0f84000-7f4af0fb0000 r-xp 00000000 08:13 12716995                   /usr/local/java/jdk1.8.0_261/jre/lib/amd64/libjava.so
7f4af0fb0000-7f4af11b0000 ---p 0002c000 08:13 12716995                   /usr/local/java/jdk1.8.0_261/jre/lib/amd64/libjava.so
7f4af11b0000-7f4af11b1000 r--p 0002c000 08:13 12716995                   /usr/local/java/jdk1.8.0_261/jre/lib/amd64/libjava.so
7f4af11b1000-7f4af11b3000 rw-p 0002d000 08:13 12716995                   /usr/local/java/jdk1.8.0_261/jre/lib/amd64/libjava.so
7f4af11b3000-7f4af11c0000 r-xp 00000000 08:13 12716996                   /usr/local/java/jdk1.8.0_261/jre/lib/amd64/libverify.so
7f4af11c0000-7f4af13bf000 ---p 0000d000 08:13 12716996                   /usr/local/java/jdk1.8.0_261/jre/lib/amd64/libverify.so
7f4af13bf000-7f4af13c1000 r--p 0000c000 08:13 12716996                   /usr/local/java/jdk1.8.0_261/jre/lib/amd64/libverify.so
7f4af13c1000-7f4af13c2000 rw-p 0000e000 08:13 12716996                   /usr/local/java/jdk1.8.0_261/jre/lib/amd64/libverify.so
7f4af13c2000-7f4af13c9000 r-xp 00000000 08:13 8920111                    /lib/x86_64-linux-gnu/librt-2.27.so
7f4af13c9000-7f4af15c8000 ---p 00007000 08:13 8920111                    /lib/x86_64-linux-gnu/librt-2.27.so
7f4af15c8000-7f4af15c9000 r--p 00006000 08:13 8920111                    /lib/x86_64-linux-gnu/librt-2.27.so
7f4af15c9000-7f4af15ca000 rw-p 00007000 08:13 8920111                    /lib/x86_64-linux-gnu/librt-2.27.so
7f4af15ca000-7f4af1767000 r-xp 00000000 08:13 8912987                    /lib/x86_64-linux-gnu/libm-2.27.so
7f4af1767000-7f4af1966000 ---p 0019d000 08:13 8912987                    /lib/x86_64-linux-gnu/libm-2.27.so
7f4af1966000-7f4af1967000 r--p 0019c000 08:13 8912987                    /lib/x86_64-linux-gnu/libm-2.27.so
7f4af1967000-7f4af1968000 rw-p 0019d000 08:13 8912987                    /lib/x86_64-linux-gnu/libm-2.27.so
7f4af1968000-7f4af265c000 r-xp 00000000 08:13 12716962                   /usr/local/java/jdk1.8.0_261/jre/lib/amd64/server/libjvm.so
7f4af265c000-7f4af285b000 ---p 00cf4000 08:13 12716962                   /usr/local/java/jdk1.8.0_261/jre/lib/amd64/server/libjvm.so
7f4af285b000-7f4af28f1000 r--p 00cf3000 08:13 12716962                   /usr/local/java/jdk1.8.0_261/jre/lib/amd64/server/libjvm.so
7f4af28f1000-7f4af2922000 rw-p 00d89000 08:13 12716962                   /usr/local/java/jdk1.8.0_261/jre/lib/amd64/server/libjvm.so
7f4af2922000-7f4af295d000 rw-p 00000000 00:00 0 
7f4af295d000-7f4af2b44000 r-xp 00000000 08:13 8912983                    /lib/x86_64-linux-gnu/libc-2.27.so
7f4af2b44000-7f4af2d44000 ---p 001e7000 08:13 8912983                    /lib/x86_64-linux-gnu/libc-2.27.so
7f4af2d44000-7f4af2d48000 r--p 001e7000 08:13 8912983                    /lib/x86_64-linux-gnu/libc-2.27.so
7f4af2d48000-7f4af2d4a000 rw-p 001eb000 08:13 8912983                    /lib/x86_64-linux-gnu/libc-2.27.so
7f4af2d4a000-7f4af2d4e000 rw-p 00000000 00:00 0 
7f4af2d4e000-7f4af2d51000 r-xp 00000000 08:13 8912986                    /lib/x86_64-linux-gnu/libdl-2.27.so
7f4af2d51000-7f4af2f50000 ---p 00003000 08:13 8912986                    /lib/x86_64-linux-gnu/libdl-2.27.so
7f4af2f50000-7f4af2f51000 r--p 00002000 08:13 8912986                    /lib/x86_64-linux-gnu/libdl-2.27.so
7f4af2f51000-7f4af2f52000 rw-p 00003000 08:13 8912986                    /lib/x86_64-linux-gnu/libdl-2.27.so
7f4af2f52000-7f4af2f69000 r-xp 00000000 08:13 12849040                   /usr/local/java/jdk1.8.0_261/lib/amd64/jli/libjli.so
7f4af2f69000-7f4af3168000 ---p 00017000 08:13 12849040                   /usr/local/java/jdk1.8.0_261/lib/amd64/jli/libjli.so
7f4af3168000-7f4af3169000 r--p 00016000 08:13 12849040                   /usr/local/java/jdk1.8.0_261/lib/amd64/jli/libjli.so
7f4af3169000-7f4af316a000 rw-p 00017000 08:13 12849040                   /usr/local/java/jdk1.8.0_261/lib/amd64/jli/libjli.so
7f4af316a000-7f4af3184000 r-xp 00000000 08:13 8920109                    /lib/x86_64-linux-gnu/libpthread-2.27.so
7f4af3184000-7f4af3383000 ---p 0001a000 08:13 8920109                    /lib/x86_64-linux-gnu/libpthread-2.27.so
7f4af3383000-7f4af3384000 r--p 00019000 08:13 8920109                    /lib/x86_64-linux-gnu/libpthread-2.27.so
7f4af3384000-7f4af3385000 rw-p 0001a000 08:13 8920109                    /lib/x86_64-linux-gnu/libpthread-2.27.so
7f4af3385000-7f4af3389000 rw-p 00000000 00:00 0 
7f4af3389000-7f4af33b2000 r-xp 00000000 08:13 8912979                    /lib/x86_64-linux-gnu/ld-2.27.so
7f4af33b2000-7f4af33b7000 r--s 00087000 08:13 10753212                   /usr/local/java/jdk1.8.0_261/jre/lib/jfr.jar
7f4af33b7000-7f4af33c1000 r--s 0006e000 08:13 10753207                   /usr/local/java/jdk1.8.0_261/jre/lib/javaws.jar
7f4af33c1000-7f4af3492000 rw-p 00000000 00:00 0 
7f4af3492000-7f4af3493000 ---p 00000000 00:00 0 
7f4af3493000-7f4af3496000 ---p 00000000 00:00 0 
7f4af3496000-7f4af3597000 rw-p 00000000 00:00 0 
7f4af3598000-7f4af3599000 r--s 00000000 08:13 10753205                   /usr/local/java/jdk1.8.0_261/jre/lib/management-agent.jar
7f4af3599000-7f4af359b000 r--s 00007000 08:13 10753190                   /usr/local/java/jdk1.8.0_261/jre/lib/jfxswt.jar
7f4af359b000-7f4af359e000 r--s 0001a000 08:13 10753210                   /usr/local/java/jdk1.8.0_261/jre/lib/jce.jar
7f4af359e000-7f4af35a3000 r--s 002f9000 08:13 10753199                   /usr/local/java/jdk1.8.0_261/jre/lib/charsets.jar
7f4af35a3000-7f4af35a5000 r--s 00022000 08:13 2754926                    /usr/JetBrains/ideaIU-2021.1/plugins/junit/lib/junit-rt.jar
7f4af35a5000-7f4af35a6000 r--s 0000a000 08:13 2754927                    /usr/JetBrains/ideaIU-2021.1/plugins/junit/lib/junit5-rt.jar
7f4af35a6000-7f4af35a8000 r--s 0001d000 08:13 11148332                   /usr/JetBrains/ideaIU-2021.1/lib/idea_rt.jar
7f4af35a8000-7f4af35b0000 rw-s 00000000 08:13 3932803                    /tmp/hsperfdata_lilin/15917
7f4af35b0000-7f4af35b1000 rw-p 00000000 00:00 0 
7f4af35b1000-7f4af35b2000 r--p 00000000 00:00 0 
7f4af35b2000-7f4af35b3000 r--p 00029000 08:13 8912979                    /lib/x86_64-linux-gnu/ld-2.27.so
7f4af35b3000-7f4af35b4000 rw-p 0002a000 08:13 8912979                    /lib/x86_64-linux-gnu/ld-2.27.so
7f4af35b4000-7f4af35b5000 rw-p 00000000 00:00 0 
7ffe1e0bd000-7ffe1e0df000 rw-p 00000000 00:00 0                          [stack]
7ffe1e19e000-7ffe1e1a1000 r--p 00000000 00:00 0                          [vvar]
7ffe1e1a1000-7ffe1e1a2000 r-xp 00000000 00:00 0                          [vdso]
ffffffffff600000-ffffffffff601000 --xp 00000000 00:00 0                  [vsyscall]

VM Arguments:
jvm_args: -ea -Didea.test.cyclic.buffer.size=1048576 -javaagent:/usr/JetBrains/ideaIU-2021.1/lib/idea_rt.jar=35185:/usr/JetBrains/ideaIU-2021.1/bin -Dfile.encoding=UTF-8 
java_command: com.intellij.rt.junit.JUnitStarter -ideVersion5 MyTest,test
java_class_path (initial): /usr/JetBrains/ideaIU-2021.1/lib/idea_rt.jar:/usr/JetBrains/ideaIU-2021.1/plugins/junit/lib/junit5-rt.jar:/usr/JetBrains/ideaIU-2021.1/plugins/junit/lib/junit-rt.jar:/usr/local/java/jdk1.8.0_261/jre/lib/charsets.jar:/usr/local/java/jdk1.8.0_261/jre/lib/deploy.jar:/usr/local/java/jdk1.8.0_261/jre/lib/ext/cldrdata.jar:/usr/local/java/jdk1.8.0_261/jre/lib/ext/dnsns.jar:/usr/local/java/jdk1.8.0_261/jre/lib/ext/jaccess.jar:/usr/local/java/jdk1.8.0_261/jre/lib/ext/jfxrt.jar:/usr/local/java/jdk1.8.0_261/jre/lib/ext/localedata.jar:/usr/local/java/jdk1.8.0_261/jre/lib/ext/nashorn.jar:/usr/local/java/jdk1.8.0_261/jre/lib/ext/sunec.jar:/usr/local/java/jdk1.8.0_261/jre/lib/ext/sunjce_provider.jar:/usr/local/java/jdk1.8.0_261/jre/lib/ext/sunpkcs11.jar:/usr/local/java/jdk1.8.0_261/jre/lib/ext/zipfs.jar:/usr/local/java/jdk1.8.0_261/jre/lib/javaws.jar:/usr/local/java/jdk1.8.0_261/jre/lib/jce.jar:/usr/local/java/jdk1.8.0_261/jre/lib/jfr.jar:/usr/local/java/jdk1.8.0_261/jre/lib/jfxswt.jar:/usr/local/java/jdk1.8.0_261/jre/lib/jsse.jar:/usr/local/java/jdk1.8.0_261/jre/lib/management-agent.jar:/usr/local/java/jdk1.8.0_261/jre/lib/plugin.jar:/usr/local/java/jdk1.8.0_261/jre/lib/resources.jar:/usr/local/java/jdk1.8.0_261/jre/lib/rt.jar:/home/lilin/IdeaProjects/Spring/spring-study/spring-09-mybatis/target/test-classes:/home/lilin/IdeaProjects/Spring/spring-study/spring-09-mybatis/target/classes:/home/lilin/.m2/repository/org/projectlombok/lombok/1.18.20/lombok-1.18.20.jar:/home/lilin/IdeaProjects/Spring/spring-study/spring-10-transaction/target/classes:/home/lilin/.m2/repository/org/springframework/spring-webmvc/5.3.6/spring-webmvc-5.3.6.jar:/home/lilin/.m2/repository/org/springframework/spring-aop/5.3.6/spring-aop-5.3.6.jar:/home/lilin/.m2/repository/org/springframework/spring-beans/5.3.6/spring-beans-5.3.6.jar:/home/lilin/.m2/repository/org/springframework/spring-context/5.3.6/spring-context-5.3.6.jar:/home/lilin/.m2/repository/org/springframework/spring-expr
Launcher Type: SUN_STANDARD

Environment Variables:
JAVA_HOME=/usr/local/java/jdk1.8.0_261
PATH=/home/lilin/.local/bin:/usr/local/gradle/bin:/usr/local/node:.:/usr/local/java/jdk1.8.0_261/bin:/usr/local/sbin:/usr/local/bin:/usr/sbin:/usr/bin:/sbin:/bin:/usr/games:/usr/local/games:/snap/bin:/usr/local/go/bin:/usr/local/android-sdk/tools:/usr/local/android-sdk/platform-tools
SHELL=/usr/bin/zsh
DISPLAY=:0

Signal Handlers:
SIGSEGV: [libjvm.so+0xade140], sa_mask[0]=11111111011111111101111111111110, sa_flags=SA_RESTART|SA_SIGINFO
SIGBUS: [libjvm.so+0xade140], sa_mask[0]=11111111011111111101111111111110, sa_flags=SA_RESTART|SA_SIGINFO
SIGFPE: [libjvm.so+0x912c70], sa_mask[0]=11111111011111111101111111111110, sa_flags=SA_RESTART|SA_SIGINFO
SIGPIPE: [libjvm.so+0x912c70], sa_mask[0]=11111111011111111101111111111110, sa_flags=SA_RESTART|SA_SIGINFO
SIGXFSZ: [libjvm.so+0x912c70], sa_mask[0]=11111111011111111101111111111110, sa_flags=SA_RESTART|SA_SIGINFO
SIGILL: [libjvm.so+0x912c70], sa_mask[0]=11111111011111111101111111111110, sa_flags=SA_RESTART|SA_SIGINFO
SIGUSR1: SIG_DFL, sa_mask[0]=00000000000000000000000000000000, sa_flags=none
SIGUSR2: [libjvm.so+0x912b40], sa_mask[0]=00100000000000000000000000000000, sa_flags=SA_RESTART|SA_SIGINFO
SIGHUP: [libjvm.so+0x913160], sa_mask[0]=11111111011111111101111111111110, sa_flags=SA_RESTART|SA_SIGINFO
SIGINT: [libjvm.so+0x913160], sa_mask[0]=11111111011111111101111111111110, sa_flags=SA_RESTART|SA_SIGINFO
SIGTERM: [libjvm.so+0x913160], sa_mask[0]=11111111011111111101111111111110, sa_flags=SA_RESTART|SA_SIGINFO
SIGQUIT: [libjvm.so+0x913160], sa_mask[0]=11111111011111111101111111111110, sa_flags=SA_RESTART|SA_SIGINFO


---------------  S Y S T E M  ---------------

OS:DISTRIB_ID=elementary
DISTRIB_RELEASE=5.1.7
DISTRIB_CODENAME=hera
DISTRIB_DESCRIPTION="elementary OS 5.1.7 Hera"

uname:Linux 5.4.0-73-generic #82~18.04.1-Ubuntu SMP Fri Apr 16 15:10:02 UTC 2021 x86_64
libc:glibc 2.27 NPTL 2.27 
rlimit: STACK 8192k, CORE 0k, NPROC 30716, NOFILE 1048576, AS infinity
load average:2.56 3.41 3.55

/proc/meminfo:
MemTotal:        7939180 kB
MemFree:          222756 kB
MemAvailable:    2443916 kB
Buffers:           43844 kB
Cached:          2764708 kB
SwapCached:         6100 kB
Active:          5517436 kB
Inactive:        1830116 kB
Active(anon):    4224964 kB
Inactive(anon):   720664 kB
Active(file):    1292472 kB
Inactive(file):  1109452 kB
Unevictable:       44840 kB
Mlocked:              32 kB
SwapTotal:       2097148 kB
SwapFree:        1671928 kB
Dirty:             12000 kB
Writeback:             0 kB
AnonPages:       4580804 kB
Mapped:          1014832 kB
Shmem:            406552 kB
KReclaimable:      87772 kB
Slab:             167768 kB
SReclaimable:      87772 kB
SUnreclaim:        79996 kB
KernelStack:       17136 kB
PageTables:        62356 kB
NFS_Unstable:          0 kB
Bounce:                0 kB
WritebackTmp:          0 kB
CommitLimit:     6066736 kB
Committed_AS:   11315768 kB
VmallocTotal:   34359738367 kB
VmallocUsed:       35824 kB
VmallocChunk:          0 kB
Percpu:             3008 kB
HardwareCorrupted:     0 kB
AnonHugePages:         0 kB
ShmemHugePages:        0 kB
ShmemPmdMapped:        0 kB
FileHugePages:         0 kB
FilePmdMapped:         0 kB
CmaTotal:              0 kB
CmaFree:               0 kB
HugePages_Total:       0
HugePages_Free:        0
HugePages_Rsvd:        0
HugePages_Surp:        0
Hugepagesize:       2048 kB
Hugetlb:               0 kB
DirectMap4k:      588408 kB
DirectMap2M:     7585792 kB
DirectMap1G:           0 kB

container (cgroup) information:
container_type: cgroupv1
cpu_cpuset_cpus: 0-7
cpu_memory_nodes: 0
active_processor_count: 8
cpu_quota: -1
cpu_period: 100000
cpu_shares: -1
memory_limit_in_bytes: -1
memory_and_swap_limit_in_bytes: -2
memory_soft_limit_in_bytes: -1
memory_usage_in_bytes: 7567155200
memory_max_usage_in_bytes: 70512640


CPU:total 8 (initial active 8) (4 cores per cpu, 2 threads per core) family 6 model 142 stepping 10, cmov, cx8, fxsr, mmx, sse, sse2, sse3, ssse3, sse4.1, sse4.2, popcnt, avx, avx2, aes, clmul, erms, 3dnowpref, lzcnt, ht, tsc, tscinvbit, bmi1, bmi2, adx

/proc/cpuinfo:
processor	: 0
vendor_id	: GenuineIntel
cpu family	: 6
model		: 142
model name	: Intel(R) Core(TM) i7-8550U CPU @ 1.80GHz
stepping	: 10
microcode	: 0xe0
cpu MHz		: 799.998
cache size	: 8192 KB
physical id	: 0
siblings	: 8
core id		: 0
cpu cores	: 4
apicid		: 0
initial apicid	: 0
fpu		: yes
fpu_exception	: yes
cpuid level	: 22
wp		: yes
flags		: fpu vme de pse tsc msr pae mce cx8 apic sep mtrr pge mca cmov pat pse36 clflush dts acpi mmx fxsr sse sse2 ss ht tm pbe syscall nx pdpe1gb rdtscp lm constant_tsc art arch_perfmon pebs bts rep_good nopl xtopology nonstop_tsc cpuid aperfmperf pni pclmulqdq dtes64 monitor ds_cpl vmx est tm2 ssse3 sdbg fma cx16 xtpr pdcm pcid sse4_1 sse4_2 x2apic movbe popcnt tsc_deadline_timer aes xsave avx f16c rdrand lahf_lm abm 3dnowprefetch cpuid_fault epb invpcid_single pti ssbd ibrs ibpb stibp tpr_shadow vnmi flexpriority ept vpid ept_ad fsgsbase tsc_adjust bmi1 avx2 smep bmi2 erms invpcid mpx rdseed adx smap clflushopt intel_pt xsaveopt xsavec xgetbv1 xsaves dtherm ida arat pln pts hwp hwp_notify hwp_act_window hwp_epp md_clear flush_l1d
bugs		: cpu_meltdown spectre_v1 spectre_v2 spec_store_bypass l1tf mds swapgs itlb_multihit srbds
bogomips	: 3999.93
clflush size	: 64
cache_alignment	: 64
address sizes	: 39 bits physical, 48 bits virtual
power management:

processor	: 1
vendor_id	: GenuineIntel
cpu family	: 6
model		: 142
model name	: Intel(R) Core(TM) i7-8550U CPU @ 1.80GHz
stepping	: 10
microcode	: 0xe0
cpu MHz		: 800.002
cache size	: 8192 KB
physical id	: 0
siblings	: 8
core id		: 1
cpu cores	: 4
apicid		: 2
initial apicid	: 2
fpu		: yes
fpu_exception	: yes
cpuid level	: 22
wp		: yes
flags		: fpu vme de pse tsc msr pae mce cx8 apic sep mtrr pge mca cmov pat pse36 clflush dts acpi mmx fxsr sse sse2 ss ht tm pbe syscall nx pdpe1gb rdtscp lm constant_tsc art arch_perfmon pebs bts rep_good nopl xtopology nonstop_tsc cpuid aperfmperf pni pclmulqdq dtes64 monitor ds_cpl vmx est tm2 ssse3 sdbg fma cx16 xtpr pdcm pcid sse4_1 sse4_2 x2apic movbe popcnt tsc_deadline_timer aes xsave avx f16c rdrand lahf_lm abm 3dnowprefetch cpuid_fault epb invpcid_single pti ssbd ibrs ibpb stibp tpr_shadow vnmi flexpriority ept vpid ept_ad fsgsbase tsc_adjust bmi1 avx2 smep bmi2 erms invpcid mpx rdseed adx smap clflushopt intel_pt xsaveopt xsavec xgetbv1 xsaves dtherm ida arat pln pts hwp hwp_notify hwp_act_window hwp_epp md_clear flush_l1d
bugs		: cpu_meltdown spectre_v1 spectre_v2 spec_store_bypass l1tf mds swapgs itlb_multihit srbds
bogomips	: 3999.93
clflush size	: 64
cache_alignment	: 64
address sizes	: 39 bits physical, 48 bits virtual
power management:

processor	: 2
vendor_id	: GenuineIntel
cpu family	: 6
model		: 142
model name	: Intel(R) Core(TM) i7-8550U CPU @ 1.80GHz
stepping	: 10
microcode	: 0xe0
cpu MHz		: 797.015
cache size	: 8192 KB
physical id	: 0
siblings	: 8
core id		: 2
cpu cores	: 4
apicid		: 4
initial apicid	: 4
fpu		: yes
fpu_exception	: yes
cpuid level	: 22
wp		: yes
flags		: fpu vme de pse tsc msr pae mce cx8 apic sep mtrr pge mca cmov pat pse36 clflush dts acpi mmx fxsr sse sse2 ss ht tm pbe syscall nx pdpe1gb rdtscp lm constant_tsc art arch_perfmon pebs bts rep_good nopl xtopology nonstop_tsc cpuid aperfmperf pni pclmulqdq dtes64 monitor ds_cpl vmx est tm2 ssse3 sdbg fma cx16 xtpr pdcm pcid sse4_1 sse4_2 x2apic movbe popcnt tsc_deadline_timer aes xsave avx f16c rdrand lahf_lm abm 3dnowprefetch cpuid_fault epb invpcid_single pti ssbd ibrs ibpb stibp tpr_shadow vnmi flexpriority ept vpid ept_ad fsgsbase tsc_adjust bmi1 avx2 smep bmi2 erms invpcid mpx rdseed adx smap clflushopt intel_pt xsaveopt xsavec xgetbv1 xsaves dtherm ida arat pln pts hwp hwp_notify hwp_act_window hwp_epp md_clear flush_l1d
bugs		: cpu_meltdown spectre_v1 spectre_v2 spec_store_bypass l1tf mds swapgs itlb_multihit srbds
bogomips	: 3999.93
clflush size	: 64
cache_alignment	: 64
address sizes	: 39 bits physical, 48 bits virtual
power management:

processor	: 3
vendor_id	: GenuineIntel
cpu family	: 6
model		: 142
model name	: Intel(R) Core(TM) i7-8550U CPU @ 1.80GHz
stepping	: 10
microcode	: 0xe0
cpu MHz		: 788.447
cache size	: 8192 KB
physical id	: 0
siblings	: 8
core id		: 3
cpu cores	: 4
apicid		: 6
initial apicid	: 6
fpu		: yes
fpu_exception	: yes
cpuid level	: 22
wp		: yes
flags		: fpu vme de pse tsc msr pae mce cx8 apic sep mtrr pge mca cmov pat pse36 clflush dts acpi mmx fxsr sse sse2 ss ht tm pbe syscall nx pdpe1gb rdtscp lm constant_tsc art arch_perfmon pebs bts rep_good nopl xtopology nonstop_tsc cpuid aperfmperf pni pclmulqdq dtes64 monitor ds_cpl vmx est tm2 ssse3 sdbg fma cx16 xtpr pdcm pcid sse4_1 sse4_2 x2apic movbe popcnt tsc_deadline_timer aes xsave avx f16c rdrand lahf_lm abm 3dnowprefetch cpuid_fault epb invpcid_single pti ssbd ibrs ibpb stibp tpr_shadow vnmi flexpriority ept vpid ept_ad fsgsbase tsc_adjust bmi1 avx2 smep bmi2 erms invpcid mpx rdseed adx smap clflushopt intel_pt xsaveopt xsavec xgetbv1 xsaves dtherm ida arat pln pts hwp hwp_notify hwp_act_window hwp_epp md_clear flush_l1d
bugs		: cpu_meltdown spectre_v1 spectre_v2 spec_store_bypass l1tf mds swapgs itlb_multihit srbds
bogomips	: 3999.93
clflush size	: 64
cache_alignment	: 64
address sizes	: 39 bits physical, 48 bits virtual
power management:

processor	: 4
vendor_id	: GenuineIntel
cpu family	: 6
model		: 142
model name	: Intel(R) Core(TM) i7-8550U CPU @ 1.80GHz
stepping	: 10
microcode	: 0xe0
cpu MHz		: 800.021
cache size	: 8192 KB
physical id	: 0
siblings	: 8
core id		: 0
cpu cores	: 4
apicid		: 1
initial apicid	: 1
fpu		: yes
fpu_exception	: yes
cpuid level	: 22
wp		: yes
flags		: fpu vme de pse tsc msr pae mce cx8 apic sep mtrr pge mca cmov pat pse36 clflush dts acpi mmx fxsr sse sse2 ss ht tm pbe syscall nx pdpe1gb rdtscp lm constant_tsc art arch_perfmon pebs bts rep_good nopl xtopology nonstop_tsc cpuid aperfmperf pni pclmulqdq dtes64 monitor ds_cpl vmx est tm2 ssse3 sdbg fma cx16 xtpr pdcm pcid sse4_1 sse4_2 x2apic movbe popcnt tsc_deadline_timer aes xsave avx f16c rdrand lahf_lm abm 3dnowprefetch cpuid_fault epb invpcid_single pti ssbd ibrs ibpb stibp tpr_shadow vnmi flexpriority ept vpid ept_ad fsgsbase tsc_adjust bmi1 avx2 smep bmi2 erms invpcid mpx rdseed adx smap clflushopt intel_pt xsaveopt xsavec xgetbv1 xsaves dtherm ida arat pln pts hwp hwp_notify hwp_act_window hwp_epp md_clear flush_l1d
bugs		: cpu_meltdown spectre_v1 spectre_v2 spec_store_bypass l1tf mds swapgs itlb_multihit srbds
bogomips	: 3999.93
clflush size	: 64
cache_alignment	: 64
address sizes	: 39 bits physical, 48 bits virtual
power management:

processor	: 5
vendor_id	: GenuineIntel
cpu family	: 6
model		: 142
model name	: Intel(R) Core(TM) i7-8550U CPU @ 1.80GHz
stepping	: 10
microcode	: 0xe0
cpu MHz		: 800.105
cache size	: 8192 KB
physical id	: 0
siblings	: 8
core id		: 1
cpu cores	: 4
apicid		: 3
initial apicid	: 3
fpu		: yes
fpu_exception	: yes
cpuid level	: 22
wp		: yes
flags		: fpu vme de pse tsc msr pae mce cx8 apic sep mtrr pge mca cmov pat pse36 clflush dts acpi mmx fxsr sse sse2 ss ht tm pbe syscall nx pdpe1gb rdtscp lm constant_tsc art arch_perfmon pebs bts rep_good nopl xtopology nonstop_tsc cpuid aperfmperf pni pclmulqdq dtes64 monitor ds_cpl vmx est tm2 ssse3 sdbg fma cx16 xtpr pdcm pcid sse4_1 sse4_2 x2apic movbe popcnt tsc_deadline_timer aes xsave avx f16c rdrand lahf_lm abm 3dnowprefetch cpuid_fault epb invpcid_single pti ssbd ibrs ibpb stibp tpr_shadow vnmi flexpriority ept vpid ept_ad fsgsbase tsc_adjust bmi1 avx2 smep bmi2 erms invpcid mpx rdseed adx smap clflushopt intel_pt xsaveopt xsavec xgetbv1 xsaves dtherm ida arat pln pts hwp hwp_notify hwp_act_window hwp_epp md_clear flush_l1d
bugs		: cpu_meltdown spectre_v1 spectre_v2 spec_store_bypass l1tf mds swapgs itlb_multihit srbds
bogomips	: 3999.93
clflush size	: 64
cache_alignment	: 64
address sizes	: 39 bits physical, 48 bits virtual
power management:

processor	: 6
vendor_id	: GenuineIntel
cpu family	: 6
model		: 142
model name	: Intel(R) Core(TM) i7-8550U CPU @ 1.80GHz
stepping	: 10
microcode	: 0xe0
cpu MHz		: 800.012
cache size	: 8192 KB
physical id	: 0
siblings	: 8
core id		: 2
cpu cores	: 4
apicid		: 5
initial apicid	: 5
fpu		: yes
fpu_exception	: yes
cpuid level	: 22
wp		: yes
flags		: fpu vme de pse tsc msr pae mce cx8 apic sep mtrr pge mca cmov pat pse36 clflush dts acpi mmx fxsr sse sse2 ss ht tm pbe syscall nx pdpe1gb rdtscp lm constant_tsc art arch_perfmon pebs bts rep_good nopl xtopology nonstop_tsc cpuid aperfmperf pni pclmulqdq dtes64 monitor ds_cpl vmx est tm2 ssse3 sdbg fma cx16 xtpr pdcm pcid sse4_1 sse4_2 x2apic movbe popcnt tsc_deadline_timer aes xsave avx f16c rdrand lahf_lm abm 3dnowprefetch cpuid_fault epb invpcid_single pti ssbd ibrs ibpb stibp tpr_shadow vnmi flexpriority ept vpid ept_ad fsgsbase tsc_adjust bmi1 avx2 smep bmi2 erms invpcid mpx rdseed adx smap clflushopt intel_pt xsaveopt xsavec xgetbv1 xsaves dtherm ida arat pln pts hwp hwp_notify hwp_act_window hwp_epp md_clear flush_l1d
bugs		: cpu_meltdown spectre_v1 spectre_v2 spec_store_bypass l1tf mds swapgs itlb_multihit srbds
bogomips	: 3999.93
clflush size	: 64
cache_alignment	: 64
address sizes	: 39 bits physical, 48 bits virtual
power management:

processor	: 7
vendor_id	: GenuineIntel
cpu family	: 6
model		: 142
model name	: Intel(R) Core(TM) i7-8550U CPU @ 1.80GHz
stepping	: 10
microcode	: 0xe0
cpu MHz		: 799.625
cache size	: 8192 KB
physical id	: 0
siblings	: 8
core id		: 3
cpu cores	: 4
apicid		: 7
initial apicid	: 7
fpu		: yes
fpu_exception	: yes
cpuid level	: 22
wp		: yes
flags		: fpu vme de pse tsc msr pae mce cx8 apic sep mtrr pge mca cmov pat pse36 clflush dts acpi mmx fxsr sse sse2 ss ht tm pbe syscall nx pdpe1gb rdtscp lm constant_tsc art arch_perfmon pebs bts rep_good nopl xtopology nonstop_tsc cpuid aperfmperf pni pclmulqdq dtes64 monitor ds_cpl vmx est tm2 ssse3 sdbg fma cx16 xtpr pdcm pcid sse4_1 sse4_2 x2apic movbe popcnt tsc_deadline_timer aes xsave avx f16c rdrand lahf_lm abm 3dnowprefetch cpuid_fault epb invpcid_single pti ssbd ibrs ibpb stibp tpr_shadow vnmi flexpriority ept vpid ept_ad fsgsbase tsc_adjust bmi1 avx2 smep bmi2 erms invpcid mpx rdseed adx smap clflushopt intel_pt xsaveopt xsavec xgetbv1 xsaves dtherm ida arat pln pts hwp hwp_notify hwp_act_window hwp_epp md_clear flush_l1d
bugs		: cpu_meltdown spectre_v1 spectre_v2 spec_store_bypass l1tf mds swapgs itlb_multihit srbds
bogomips	: 3999.93
clflush size	: 64
cache_alignment	: 64
address sizes	: 39 bits physical, 48 bits virtual
power management:



Memory: 4k page, physical 7939180k(222504k free), swap 2097148k(1671928k free)

vm_info: Java HotSpot(TM) 64-Bit Server VM (25.261-b12) for linux-amd64 JRE (1.8.0_261-b12), built on Jun 17 2020 23:41:40 by "java_re" with gcc 7.3.0

time: Tue May 18 15:59:19 2021
timezone: CST
elapsed time: 1 seconds (0d 0h 0m 1s)

